<?xml version="1.0" encoding="UTF-8"?>
<testsuite xmlns:xsi="http://www.w3.org/2001/XMLSchema-instance" xsi:noNamespaceSchemaLocation="https://maven.apache.org/surefire/maven-surefire-plugin/xsd/surefire-test-report.xsd" name="com.erichscompany.test.AppTest" time="5.613" tests="11" errors="0" skipped="0" failures="0">
  <properties>
[...]
</properties>
  <testcase name="happyPath" classname="com.erichscompany.test.AppTest" time="0.734"/>
  <testcase name="WorksWithAnEmbeddedSpace" classname="com.erichscompany.test.AppTest" time="2.159"/>
  <testcase name="MultiByteDoesNotThrow" classname="com.erichscompany.test.AppTest" time="0.175"/>
  <testcase name="blankDoesNotThrow" classname="com.erichscompany.test.AppTest" time="0.179"/>
  <testcase name="CaseInsensitive" classname="com.erichscompany.test.AppTest" time="0.302"/>
  <testcase name="PrefixSpaceIgnored" classname="com.erichscompany.test.AppTest" time="0.517"/>
  <testcase name="SuffixSpaceIgnored" classname="com.erichscompany.test.AppTest" time="0.496"/>
  <testcase name="nonLettersIgnored" classname="com.erichscompany.test.AppTest" time="0.158"/>
  <testcase name="EmptyDoesNotThrow" classname="com.erichscompany.test.AppTest" time="0.188"/>
  <testcase name="NonAlphabeticCharsDoNotReturnWords" classname="com.erichscompany.test.AppTest" time="0.188"/>
  <testcase name="happyPathFullDictionary" classname="com.erichscompany.test.AppTest" time="0.472"/>
</testsuite>